  Compiling CUDA source file kernel.cu...
  Compiling CUDA source file model_utils.cu...
  Compiling CUDA source file tensor_utils.cu...
  Compiling CUDA source file jpg_utils.cu...
  
  
  C:\Users\Aula D6\Desktop\Marzio\ProjectCuda\ResNet18\Cuda\ResNet18\ResNet18>"C:\Program Files\NVIDIA GPU Computing Toolkit\CUDA\v12.4\bin\nvcc.exe" -gencode=arch=compute_52,code=\"sm_52,compute_52\" --use-local-env -ccbin "C:\Program Files (x86)\Microsoft Visual Studio\2019\Community\VC\Tools\MSVC\14.29.30133\bin\HostX86\x64" -x cu   -I"C:\Program Files\NVIDIA GPU Computing Toolkit\CUDA\v12.4\include" -I"C:\Program Files\NVIDIA GPU Computing Toolkit\CUDA\v12.4\include"     --keep-dir x64\Release  -maxrregcount=0   --machine 64 --compile -cudart static    -DWIN32 -DWIN64 -DNDEBUG -D_CONSOLE -D_MBCS -Xcompiler "/EHsc /W3 /nologo /O2 /FS   /MD " -Xcompiler "/Fdx64\Release\vc142.pdb" -o "C:\Users\Aula D6\Desktop\Marzio\ProjectCuda\ResNet18\Cuda\ResNet18\ResNet18\x64\Release\kernel.cu.obj" "C:\Users\Aula D6\Desktop\Marzio\ProjectCuda\ResNet18\Cuda\ResNet18\ResNet18\kernel.cu" 
  C:\Users\Aula D6\Desktop\Marzio\ProjectCuda\ResNet18\Cuda\ResNet18\ResNet18>"C:\Program Files\NVIDIA GPU Computing Toolkit\CUDA\v12.4\bin\nvcc.exe" -gencode=arch=compute_52,code=\"sm_52,compute_52\" --use-local-env -ccbin "C:\Program Files (x86)\Microsoft Visual Studio\2019\Community\VC\Tools\MSVC\14.29.30133\bin\HostX86\x64" -x cu   -I"C:\Program Files\NVIDIA GPU Computing Toolkit\CUDA\v12.4\include" -I"C:\Program Files\NVIDIA GPU Computing Toolkit\CUDA\v12.4\include"     --keep-dir x64\Release  -maxrregcount=0   --machine 64 --compile -cudart static    -DWIN32 -DWIN64 -DNDEBUG -D_CONSOLE -D_MBCS -Xcompiler "/EHsc /W3 /nologo /O2 /FS   /MD " -Xcompiler "/Fdx64\Release\vc142.pdb" -o "C:\Users\Aula D6\Desktop\Marzio\ProjectCuda\ResNet18\Cuda\ResNet18\ResNet18\x64\Release\model_utils.cu.obj" "C:\Users\Aula D6\Desktop\Marzio\ProjectCuda\ResNet18\Cuda\ResNet18\ResNet18\model_utils.cu" 
  
  C:\Users\Aula D6\Desktop\Marzio\ProjectCuda\ResNet18\Cuda\ResNet18\ResNet18>"C:\Program Files\NVIDIA GPU Computing Toolkit\CUDA\v12.4\bin\nvcc.exe" -gencode=arch=compute_52,code=\"sm_52,compute_52\" --use-local-env -ccbin "C:\Program Files (x86)\Microsoft Visual Studio\2019\Community\VC\Tools\MSVC\14.29.30133\bin\HostX86\x64" -x cu   -I"C:\Program Files\NVIDIA GPU Computing Toolkit\CUDA\v12.4\include" -I"C:\Program Files\NVIDIA GPU Computing Toolkit\CUDA\v12.4\include"     --keep-dir x64\Release  -maxrregcount=0   --machine 64 --compile -cudart static    -DWIN32 -DWIN64 -DNDEBUG -D_CONSOLE -D_MBCS -Xcompiler "/EHsc /W3 /nologo /O2 /FS   /MD " -Xcompiler "/Fdx64\Release\vc142.pdb" -o "C:\Users\Aula D6\Desktop\Marzio\ProjectCuda\ResNet18\Cuda\ResNet18\ResNet18\x64\Release\tensor_utils.cu.obj" "C:\Users\Aula D6\Desktop\Marzio\ProjectCuda\ResNet18\Cuda\ResNet18\ResNet18\tensor_utils.cu" 
  
  C:\Users\Aula D6\Desktop\Marzio\ProjectCuda\ResNet18\Cuda\ResNet18\ResNet18>"C:\Program Files\NVIDIA GPU Computing Toolkit\CUDA\v12.4\bin\nvcc.exe" -gencode=arch=compute_52,code=\"sm_52,compute_52\" --use-local-env -ccbin "C:\Program Files (x86)\Microsoft Visual Studio\2019\Community\VC\Tools\MSVC\14.29.30133\bin\HostX86\x64" -x cu   -I"C:\Program Files\NVIDIA GPU Computing Toolkit\CUDA\v12.4\include" -I"C:\Program Files\NVIDIA GPU Computing Toolkit\CUDA\v12.4\include"     --keep-dir x64\Release  -maxrregcount=0   --machine 64 --compile -cudart static    -DWIN32 -DWIN64 -DNDEBUG -D_CONSOLE -D_MBCS -Xcompiler "/EHsc /W3 /nologo /O2 /FS   /MD " -Xcompiler "/Fdx64\Release\vc142.pdb" -o "C:\Users\Aula D6\Desktop\Marzio\ProjectCuda\ResNet18\Cuda\ResNet18\ResNet18\x64\Release\jpg_utils.cu.obj" "C:\Users\Aula D6\Desktop\Marzio\ProjectCuda\ResNet18\Cuda\ResNet18\ResNet18\jpg_utils.cu" 
  kernel.cu
  jpg_utils.cu
  tensor_utils.cu
  model_utils.cu
  tmpxft_00005f58_00000000-7_jpg_utils.cudafe1.cpp
  tmpxft_000068ec_00000000-7_kernel.cudafe1.cpp
  tmpxft_00006a60_00000000-7_tensor_utils.cudafe1.cpp
  tmpxft_00002814_00000000-7_model_utils.cudafe1.cpp
     Creazione della libreria C:\Users\Aula D6\Desktop\Marzio\ProjectCuda\ResNet18\Cuda\ResNet18\x64\Release\ResNet18.lib e dell'oggetto C:\Users\Aula D6\Desktop\Marzio\ProjectCuda\ResNet18\Cuda\ResNet18\x64\Release\ResNet18.exp
LINK : warning LNK4098: la libreria predefinita 'LIBCMT' è in conflitto con l'utilizzo di altre librerie; usare /NODEFAULTLIB:libreria
  LINK : è stata specificata l'opzione /LTCG ma non è richiesta la generazione del codice; rimuovere /LTCG dalla riga di comando del collegamento per migliorare le prestazioni del linker
  ResNet18.vcxproj -> C:\Users\Aula D6\Desktop\Marzio\ProjectCuda\ResNet18\Cuda\ResNet18\x64\Release\ResNet18.exe
