c:\users\aula d6\desktop\marzio\projectcuda\resnet18\cuda\resnet18\resnet18\x64\debug\jpg_utils.cu.obj
c:\users\aula d6\desktop\marzio\projectcuda\resnet18\cuda\resnet18\resnet18\x64\debug\model_utils.cu.obj
c:\users\aula d6\desktop\marzio\projectcuda\resnet18\cuda\resnet18\resnet18\x64\debug\kernel.cu.obj
c:\users\aula d6\desktop\marzio\projectcuda\resnet18\cuda\resnet18\resnet18\x64\debug\tensor_utils.cu.obj
c:\users\aula d6\desktop\marzio\projectcuda\resnet18\cuda\resnet18\resnet18\x64\debug\resnet18.ilk
c:\users\aula d6\desktop\marzio\projectcuda\resnet18\cuda\resnet18\x64\debug\resnet18.exe
c:\users\aula d6\desktop\marzio\projectcuda\resnet18\cuda\resnet18\x64\debug\resnet18.pdb
c:\users\aula d6\desktop\marzio\projectcuda\resnet18\cuda\resnet18\x64\debug\resnet18.lib
c:\users\aula d6\desktop\marzio\projectcuda\resnet18\cuda\resnet18\x64\debug\resnet18.exp
c:\users\aula d6\desktop\marzio\projectcuda\resnet18\cuda\resnet18\resnet18\x64\debug\jpg_utils.cu.cache
c:\users\aula d6\desktop\marzio\projectcuda\resnet18\cuda\resnet18\resnet18\x64\debug\kernel.cu.cache
c:\users\aula d6\desktop\marzio\projectcuda\resnet18\cuda\resnet18\resnet18\x64\debug\model_utils.cu.cache
c:\users\aula d6\desktop\marzio\projectcuda\resnet18\cuda\resnet18\resnet18\x64\debug\tensor_utils.cu.cache
c:\users\aula d6\desktop\marzio\projectcuda\resnet18\cuda\resnet18\resnet18\x64\debug\vc142.pdb
c:\users\aula d6\desktop\marzio\projectcuda\resnet18\cuda\resnet18\resnet18\x64\debug\resnet18.tlog\cudacompile.read.1u.tlog
c:\users\aula d6\desktop\marzio\projectcuda\resnet18\cuda\resnet18\resnet18\x64\debug\resnet18.tlog\cudacompile.write.1u.tlog
c:\users\aula d6\desktop\marzio\projectcuda\resnet18\cuda\resnet18\resnet18\x64\debug\resnet18.tlog\link.command.1.tlog
c:\users\aula d6\desktop\marzio\projectcuda\resnet18\cuda\resnet18\resnet18\x64\debug\resnet18.tlog\link.read.1.tlog
c:\users\aula d6\desktop\marzio\projectcuda\resnet18\cuda\resnet18\resnet18\x64\debug\resnet18.tlog\link.write.1.tlog
c:\users\aula d6\desktop\marzio\projectcuda\resnet18\cuda\resnet18\resnet18\x64\debug\resnet18.tlog\resnet18.write.1u.tlog
