  Compiling CUDA source file model_utils.cu...
  
  C:\Users\Aula D6\Desktop\Marzio\ProjectCuda\ResNet18\Cuda\ResNet18\ResNet18>"C:\Program Files\NVIDIA GPU Computing Toolkit\CUDA\v12.4\bin\nvcc.exe" -gencode=arch=compute_52,code=\"sm_52,compute_52\" --use-local-env -ccbin "C:\Program Files (x86)\Microsoft Visual Studio\2019\Community\VC\Tools\MSVC\14.29.30133\bin\HostX86\x64" -x cu   -I"C:\Program Files\NVIDIA GPU Computing Toolkit\CUDA\v12.4\include" -I"C:\Program Files\NVIDIA GPU Computing Toolkit\CUDA\v12.4\include"  -G   --keep-dir x64\Debug  -maxrregcount=0   --machine 64 --compile -cudart static  -g  -DWIN32 -DWIN64 -D_DEBUG -D_CONSOLE -D_MBCS -Xcompiler "/EHsc /W3 /nologo /Od /FS /Zi /RTC1 /MDd " -Xcompiler "/Fdx64\Debug\vc142.pdb" -o "C:\Users\Aula D6\Desktop\Marzio\ProjectCuda\ResNet18\Cuda\ResNet18\ResNet18\x64\Debug\model_utils.cu.obj" "C:\Users\Aula D6\Desktop\Marzio\ProjectCuda\ResNet18\Cuda\ResNet18\ResNet18\model_utils.cu" 
C:\Users\Aula D6\Desktop\Marzio\ProjectCuda\ResNet18\Cuda\ResNet18\ResNet18\model_utils.cu(703): warning #177-D: variable "val" was declared but never referenced
    	float val;
    	      ^
  
  Remark: The warnings can be suppressed with "-diag-suppress <warning-number>"
  
C:\Users\Aula D6\Desktop\Marzio\ProjectCuda\ResNet18\Cuda\ResNet18\ResNet18\model_utils.cu(773): warning #177-D: variable "debug" was declared but never referenced
    	bool debug = false;
    	     ^
  
C:\Users\Aula D6\Desktop\Marzio\ProjectCuda\ResNet18\Cuda\ResNet18\ResNet18\model_utils.cu(774): warning #177-D: variable "debug_data" was declared but never referenced
    	float* debug_data;
    	       ^
  
C:\Users\Aula D6\Desktop\Marzio\ProjectCuda\ResNet18\Cuda\ResNet18\ResNet18\model_utils.cu(775): warning #177-D: variable "memsize_debug" was declared but never referenced
    	int memsize_debug;
    	    ^
  
C:\Users\Aula D6\Desktop\Marzio\ProjectCuda\ResNet18\Cuda\ResNet18\ResNet18\model_utils.cu(1084): warning #177-D: variable "num_channel" was declared but never referenced
    	int num_channel = input_tensor->depth;
    	    ^
  
C:\Users\Aula D6\Desktop\Marzio\ProjectCuda\ResNet18\Cuda\ResNet18\ResNet18\model_utils.cu(1102): warning #550-D: variable "layer1_output_data3" was set but never used
    	struct tensor layer1_output_data3;
    	              ^
  
  model_utils.cu
  tmpxft_000012f0_00000000-7_model_utils.cudafe1.cpp
C:\Users\Aula D6\Desktop\Marzio\ProjectCuda\ResNet18\Cuda\ResNet18\ResNet18\model_utils.cu(703): warning C4101: 'val': variabile locale senza riferimenti
C:\Users\Aula D6\Desktop\Marzio\ProjectCuda\ResNet18\Cuda\ResNet18\ResNet18\model_utils.cu(774): warning C4101: 'debug_data': variabile locale senza riferimenti
C:\Users\Aula D6\Desktop\Marzio\ProjectCuda\ResNet18\Cuda\ResNet18\ResNet18\model_utils.cu(775): warning C4101: 'memsize_debug': variabile locale senza riferimenti
  ResNet18.vcxproj -> C:\Users\Aula D6\Desktop\Marzio\ProjectCuda\ResNet18\Cuda\ResNet18\x64\Debug\ResNet18.exe
